<?xml version="1.0" encoding="UTF-8"?>
<!-- Generated by org.testng.reporters.JUnitXMLReporter -->
<testsuite ignored="0" hostname="Gaurav-pc" failures="0" tests="3" name="Test1" time="7.785" errors="0" timestamp="2024-05-30T18:45:14 IST">
  <testcase classname="testcases.LoginTest" name="validLogin" time="1.263"/>
  <testcase classname="testcases.RegistrationTest" name="registrationCheck" time="1.258"/>
  <testcase classname="testcases.RegistrationTest" name="clickHome" time="0.4"/>
</testsuite> <!-- Test1 -->
