<?xml version="1.0" encoding="UTF-8"?>
<!-- Generated by org.testng.reporters.JUnitXMLReporter -->
<testsuite ignored="0" hostname="Zebronics" failures="1" tests="1" name="Test" time="0.753" errors="0" timestamp="2024-04-20T01:35:20 IST">
  <testcase classname="testcases.LoginTest" name="validLogin" time="0.011">
    <failure type="java.lang.NullPointerException" message="Cannot invoke &amp;quot;org.openqa.selenium.WebDriver.getTitle()&amp;quot; because &amp;quot;this.driver&amp;quot; is null">
      <![CDATA[java.lang.NullPointerException: Cannot invoke "org.openqa.selenium.WebDriver.getTitle()" because "this.driver" is null
at com.leaarnautomation.pages.LoginPage.getTitle(LoginPage.java:34)
at testcases.LoginTest.validLogin(LoginTest.java:28)
at java.base/java.util.ArrayList.forEach(ArrayList.java:1511)
... Removed 27 stack frames]]>
    </failure>
  </testcase> <!-- validLogin -->
</testsuite> <!-- Test -->
