<?xml version="1.0" encoding="UTF-8"?>
<testng-results ignored="0" total="3" passed="3" failed="0" skipped="0">
  <reporter-output>
    <line>
      <![CDATA[Launching the setUp]]>
    </line>
    <line>
      <![CDATA[Launching the validation Login]]>
    </line>
    <line>
      <![CDATA[Launching the tearDown]]>
    </line>
    <line>
      <![CDATA[Launching the setUp]]>
    </line>
    <line>
      <![CDATA[Launching the Registeration Login]]>
    </line>
    <line>
      <![CDATA[Launching the tearDown]]>
    </line>
  </reporter-output>
  <suite started-at="2024-05-30T18:45:06 IST" name="Suite" finished-at="2024-05-30T18:45:13 IST" duration-ms="7785">
    <groups>
    </groups>
    <test started-at="2024-05-30T18:45:06 IST" name="Test1" finished-at="2024-05-30T18:45:13 IST" duration-ms="7785">
      <class name="testcases.LoginTest">
        <test-method is-config="true" signature="setUp()[pri:0, instance:testcases.LoginTest@d62fe5b]" started-at="2024-05-30T18:45:06 IST" name="setUp" finished-at="2024-05-30T18:45:08 IST" duration-ms="2379" status="PASS">
          <reporter-output>
            <line>
              <![CDATA[Launching the setUp]]>
            </line>
          </reporter-output>
        </test-method> <!-- setUp -->
        <test-method signature="validLogin(java.lang.String,java.lang.String)[pri:0, instance:testcases.LoginTest@d62fe5b]" started-at="2024-05-30T18:45:09 IST" name="validLogin" data-provider="TestData" finished-at="2024-05-30T18:45:10 IST" duration-ms="1263" status="PASS">
          <params>
            <param index="0">
              <value>
                <![CDATA[admin@email.com]]>
              </value>
            </param>
            <param index="1">
              <value>
                <![CDATA[admin@123]]>
              </value>
            </param>
          </params>
          <reporter-output>
            <line>
              <![CDATA[Launching the validation Login]]>
            </line>
          </reporter-output>
        </test-method> <!-- validLogin -->
        <test-method is-config="true" signature="exit()[pri:0, instance:testcases.LoginTest@d62fe5b]" started-at="2024-05-30T18:45:10 IST" name="exit" finished-at="2024-05-30T18:45:10 IST" duration-ms="179" status="PASS">
          <reporter-output>
            <line>
              <![CDATA[Launching the tearDown]]>
            </line>
          </reporter-output>
        </test-method> <!-- exit -->
      </class> <!-- testcases.LoginTest -->
      <class name="testcases.RegistrationTest">
        <test-method is-config="true" signature="setUp()[pri:0, instance:testcases.RegistrationTest@7a1234bf]" started-at="2024-05-30T18:45:10 IST" name="setUp" finished-at="2024-05-30T18:45:11 IST" duration-ms="1451" status="PASS">
          <reporter-output>
            <line>
              <![CDATA[Launching the setUp]]>
            </line>
          </reporter-output>
        </test-method> <!-- setUp -->
        <test-method signature="registrationCheck(java.lang.String,java.lang.String,java.lang.String,java.lang.String,java.lang.String)[pri:1, instance:testcases.RegistrationTest@7a1234bf]" started-at="2024-05-30T18:45:12 IST" name="registrationCheck" data-provider="TestData1" finished-at="2024-05-30T18:45:13 IST" duration-ms="1258" status="PASS">
          <params>
            <param index="0">
              <value>
                <![CDATA[g1]]>
              </value>
            </param>
            <param index="1">
              <value>
                <![CDATA[g1@email]]>
              </value>
            </param>
            <param index="2">
              <value>
                <![CDATA[123g1]]>
              </value>
            </param>
            <param index="3">
              <value>
                <![CDATA[Assam]]>
              </value>
            </param>
            <param index="4">
              <value>
                <![CDATA[Swimming]]>
              </value>
            </param>
          </params>
          <reporter-output>
            <line>
              <![CDATA[Launching the Registeration Login]]>
            </line>
          </reporter-output>
        </test-method> <!-- registrationCheck -->
        <test-method signature="clickHome()[pri:2, instance:testcases.RegistrationTest@7a1234bf]" started-at="2024-05-30T18:45:13 IST" name="clickHome" finished-at="2024-05-30T18:45:13 IST" duration-ms="400" status="PASS">
          <reporter-output>
          </reporter-output>
        </test-method> <!-- clickHome -->
        <test-method is-config="true" signature="exit()[pri:0, instance:testcases.RegistrationTest@7a1234bf]" started-at="2024-05-30T18:45:13 IST" name="exit" finished-at="2024-05-30T18:45:13 IST" duration-ms="120" status="PASS">
          <reporter-output>
            <line>
              <![CDATA[Launching the tearDown]]>
            </line>
          </reporter-output>
        </test-method> <!-- exit -->
      </class> <!-- testcases.RegistrationTest -->
    </test> <!-- Test1 -->
  </suite> <!-- Suite -->
</testng-results>
